
[15-Dec-25 15:36:57 - INFO] - HasiiMusic: üõë Stopping bot...
[15-Dec-25 15:37:00 - INFO] - HasiiMusic: üìÅ Cache directories updated.
[15-Dec-25 15:37:00 - INFO] - HasiiMusic: üåê Loaded languages: en, si
[15-Dec-25 15:37:01 - INFO] - HasiiMusic: ‚úÖ Database connection successful. (0.76s)
[15-Dec-25 15:37:02 - INFO] - HasiiMusic: Database cache loaded.
[15-Dec-25 15:37:02 - INFO] - HasiiMusic: ü§ñ Bot started successfully as @HasiMusicBot
[15-Dec-25 15:37:02 - INFO] - HasiiMusic: üë§ Assistant 1 started as @moda_golubella
[15-Dec-25 15:37:03 - INFO] - HasiiMusic: üë§ Assistant 2 started as @None
[15-Dec-25 15:37:03 - INFO] - HasiiMusic: üìû PyTgCalls client(s) started.
[15-Dec-25 15:37:03 - INFO] - HasiiMusic: üîå Loaded 27 plugin modules.
[15-Dec-25 15:37:03 - INFO] - HasiiMusic: üç™ Saving cookies from urls...
[15-Dec-25 15:37:04 - INFO] - HasiiMusic: ‚úÖ Cookies saved.
[15-Dec-25 15:37:04 - INFO] - HasiiMusic: üëë Loaded 4 sudo users.
[15-Dec-25 15:37:04 - INFO] - HasiiMusic: 
üéâ Bot started successfully! Ready to play music! üéµ

[15-Dec-25 17:03:54 - ERROR] - pyrogram.client: Unknown format code '\xa730' for object of type 'float'
Traceback (most recent call last):
  File "/root/HasiiMusicBot/hasiimusic/lib/python3.12/site-packages/pyrogram/client.py", line 1194, in get_file
    await func()
  File "/root/HasiiMusicBot/HasiiMusic/core/telegram.py", line 82, in progress
    text = sent.lang["dl_progress"].format(
           ^^^^^^^^^^^^^^^^^^^^^^^^^^^^^^^^
ValueError: Unknown format code '\xa730' for object of type 'float'
[16-Dec-25 00:37:34 - ERROR] - pymongo.client: MongoClient background task encountered an error:
Traceback (most recent call last):
  File "/root/HasiiMusicBot/hasiimusic/lib/python3.12/site-packages/pymongo/asynchronous/pool.py", line 413, in command
    return await command(
           ^^^^^^^^^^^^^^
  File "/root/HasiiMusicBot/hasiimusic/lib/python3.12/site-packages/pymongo/asynchronous/network.py", line 198, in command
    reply = await async_receive_message(conn, request_id)
            ^^^^^^^^^^^^^^^^^^^^^^^^^^^^^^^^^^^^^^^^^^^^^
  File "/root/HasiiMusicBot/hasiimusic/lib/python3.12/site-packages/pymongo/network_layer.py", line 730, in async_receive_message
    data, op_code = read_task.result()
                    ^^^^^^^^^^^^^^^^^^
  File "/root/HasiiMusicBot/hasiimusic/lib/python3.12/site-packages/pymongo/network_layer.py", line 553, in read
    raise OSError("connection closed")
OSError: connection closed

The above exception was the direct cause of the following exception:

Traceback (most recent call last):
  File "/root/HasiiMusicBot/hasiimusic/lib/python3.12/site-packages/pymongo/asynchronous/mongo_client.py", line 2252, in _process_periodic_tasks
    await self._topology.update_pool()
  File "/root/HasiiMusicBot/hasiimusic/lib/python3.12/site-packages/pymongo/asynchronous/topology.py", line 690, in update_pool
    await server.pool.remove_stale_sockets(generation)
  File "/root/HasiiMusicBot/hasiimusic/lib/python3.12/site-packages/pymongo/asynchronous/pool.py", line 982, in remove_stale_sockets
    conn = await self.connect()
           ^^^^^^^^^^^^^^^^^^^^
  File "/root/HasiiMusicBot/hasiimusic/lib/python3.12/site-packages/pymongo/asynchronous/pool.py", line 1071, in connect
    await conn.hello()
  File "/root/HasiiMusicBot/hasiimusic/lib/python3.12/site-packages/pymongo/asynchronous/pool.py", line 258, in hello
    return await self._hello(None, None)
           ^^^^^^^^^^^^^^^^^^^^^^^^^^^^^
  File "/root/HasiiMusicBot/hasiimusic/lib/python3.12/site-packages/pymongo/asynchronous/pool.py", line 300, in _hello
    doc = await self.command("admin", cmd, publish_events=False, exhaust_allowed=awaitable)
          ^^^^^^^^^^^^^^^^^^^^^^^^^^^^^^^^^^^^^^^^^^^^^^^^^^^^^^^^^^^^^^^^^^^^^^^^^^^^^^^^^
  File "/root/HasiiMusicBot/hasiimusic/lib/python3.12/site-packages/pymongo/asynchronous/helpers.py", line 47, in inner
    return await func(*args, **kwargs)
           ^^^^^^^^^^^^^^^^^^^^^^^^^^^
  File "/root/HasiiMusicBot/hasiimusic/lib/python3.12/site-packages/pymongo/asynchronous/pool.py", line 441, in command
    await self._raise_connection_failure(error)
  File "/root/HasiiMusicBot/hasiimusic/lib/python3.12/site-packages/pymongo/asynchronous/pool.py", line 645, in _raise_connection_failure
    _raise_connection_failure(self.address, error, timeout_details=details)
  File "/root/HasiiMusicBot/hasiimusic/lib/python3.12/site-packages/pymongo/pool_shared.py", line 150, in _raise_connection_failure
    raise AutoReconnect(msg) from error
pymongo.errors.AutoReconnect: ac-ojsxc6j-shard-00-02.splua3k.mongodb.net:27017: connection closed (configured timeouts: connectTimeoutMS: 20000.0ms)
[16-Dec-25 00:42:15 - ERROR] - pymongo.client: MongoClient background task encountered an error:
Traceback (most recent call last):
  File "/root/HasiiMusicBot/hasiimusic/lib/python3.12/site-packages/pymongo/pool_shared.py", line 327, in _configured_protocol_interface
    transport, protocol = await asyncio.get_running_loop().create_connection(  # type: ignore[call-overload]
                          ^^^^^^^^^^^^^^^^^^^^^^^^^^^^^^^^^^^^^^^^^^^^^^^^^^^^^^^^^^^^^^^^^^^^^^^^^^^^^^^^^^
  File "/usr/lib/python3.12/asyncio/base_events.py", line 1149, in create_connection
    transport, protocol = await self._create_connection_transport(
                          ^^^^^^^^^^^^^^^^^^^^^^^^^^^^^^^^^^^^^^^^
  File "/usr/lib/python3.12/asyncio/base_events.py", line 1182, in _create_connection_transport
    await waiter
  File "/usr/lib/python3.12/asyncio/selector_events.py", line 988, in _read_ready__get_buffer
    nbytes = self._sock.recv_into(buf)
             ^^^^^^^^^^^^^^^^^^^^^^^^^
ConnectionResetError: [Errno 104] Connection reset by peer

The above exception was the direct cause of the following exception:

Traceback (most recent call last):
  File "/root/HasiiMusicBot/hasiimusic/lib/python3.12/site-packages/pymongo/asynchronous/mongo_client.py", line 2252, in _process_periodic_tasks
    await self._topology.update_pool()
  File "/root/HasiiMusicBot/hasiimusic/lib/python3.12/site-packages/pymongo/asynchronous/topology.py", line 690, in update_pool
    await server.pool.remove_stale_sockets(generation)
  File "/root/HasiiMusicBot/hasiimusic/lib/python3.12/site-packages/pymongo/asynchronous/pool.py", line 982, in remove_stale_sockets
    conn = await self.connect()
           ^^^^^^^^^^^^^^^^^^^^
  File "/root/HasiiMusicBot/hasiimusic/lib/python3.12/site-packages/pymongo/asynchronous/pool.py", line 1036, in connect
    networking_interface = await _configured_protocol_interface(self.address, self.opts)
                           ^^^^^^^^^^^^^^^^^^^^^^^^^^^^^^^^^^^^^^^^^^^^^^^^^^^^^^^^^^^^^
  File "/root/HasiiMusicBot/hasiimusic/lib/python3.12/site-packages/pymongo/pool_shared.py", line 342, in _configured_protocol_interface
    _raise_connection_failure(address, exc, "SSL handshake failed: ", timeout_details=details)
  File "/root/HasiiMusicBot/hasiimusic/lib/python3.12/site-packages/pymongo/pool_shared.py", line 150, in _raise_connection_failure
    raise AutoReconnect(msg) from error
pymongo.errors.AutoReconnect: SSL handshake failed: ac-ojsxc6j-shard-00-00.splua3k.mongodb.net:27017: [Errno 104] Connection reset by peer (configured timeouts: connectTimeoutMS: 20000.0ms)
